<?xml version="1.0" encoding="UTF-8"?>
<testsuite name="ru.usetech.pft.velo_bike.Tests.PagesTests.ElectroVelobikePageTests" tests="3" skipped="3" failures="0" errors="0" timestamp="2019-01-20T23:05:06" hostname="DESKTOP-F9751PS" time="0.063">
  <properties/>
  <testcase name="Test1" classname="ru.usetech.pft.velo_bike.Tests.PagesTests.ElectroVelobikePageTests" time="0.0">
    <skipped/>
  </testcase>
  <testcase name="Test2" classname="ru.usetech.pft.velo_bike.Tests.PagesTests.ElectroVelobikePageTests" time="0.0">
    <skipped/>
  </testcase>
  <testcase name="Test3" classname="ru.usetech.pft.velo_bike.Tests.PagesTests.ElectroVelobikePageTests" time="0.0">
    <skipped/>
  </testcase>
  <system-out><![CDATA[]]></system-out>
  <system-err><![CDATA[]]></system-err>
</testsuite>
