<?xml version="1.0" encoding="UTF-8"?>
<testsuite name="ru.usetech.pft.velo_bike.Tests.SideMenuTests.SideMenuNavigationTests" tests="2" skipped="2" failures="0" errors="0" timestamp="2019-01-20T23:05:06" hostname="DESKTOP-F9751PS" time="0.002">
  <properties/>
  <testcase name="TestElectroVelobikePage" classname="ru.usetech.pft.velo_bike.Tests.SideMenuTests.SideMenuNavigationTests" time="0.0">
    <skipped/>
  </testcase>
  <testcase name="TestGoToPricePage" classname="ru.usetech.pft.velo_bike.Tests.SideMenuTests.SideMenuNavigationTests" time="0.0">
    <skipped/>
  </testcase>
  <system-out><![CDATA[]]></system-out>
  <system-err><![CDATA[]]></system-err>
</testsuite>
