<?xml version="1.0" encoding="UTF-8"?>
<testsuite name="ru.usetech.pft.velo_bike.Tests.TEST" tests="1" skipped="0" failures="0" errors="0" timestamp="2019-01-21T13:13:56" hostname="DESKTOP-F9751PS" time="0.0">
  <properties/>
  <testcase name="TestPricePagde" classname="ru.usetech.pft.velo_bike.Tests.TEST" time="0.0"/>
  <system-out><![CDATA[]]></system-out>
  <system-err><![CDATA[]]></system-err>
</testsuite>
